Performing C SOURCE FILE Test CMAKE_HAVE_LIBC_PTHREAD failed with the following output:
Change Dir: /home/zzh/SLAM/ORB_SLAM2-master/CMakeFiles/CMakeTmp

Run Build Command(s):/usr/bin/make cmTC_730dc/fast && /usr/bin/make -f CMakeFiles/cmTC_730dc.dir/build.make CMakeFiles/cmTC_730dc.dir/build
make[1]: 进入目录“/home/zzh/SLAM/ORB_SLAM2-master/CMakeFiles/CMakeTmp”
Building C object CMakeFiles/cmTC_730dc.dir/src.c.o
/usr/bin/cc   -Wall  -O3 -march=native  -DCMAKE_HAVE_LIBC_PTHREAD   -o CMakeFiles/cmTC_730dc.dir/src.c.o   -c /home/zzh/SLAM/ORB_SLAM2-master/CMakeFiles/CMakeTmp/src.c
Linking C executable cmTC_730dc
/usr/bin/cmake -E cmake_link_script CMakeFiles/cmTC_730dc.dir/link.txt --verbose=1
/usr/bin/cc   -Wall  -O3 -march=native  -DCMAKE_HAVE_LIBC_PTHREAD    -rdynamic CMakeFiles/cmTC_730dc.dir/src.c.o  -o cmTC_730dc 
/usr/bin/ld: CMakeFiles/cmTC_730dc.dir/src.c.o: in function `main':
src.c:(.text.startup+0x29): undefined reference to `pthread_create'
/usr/bin/ld: src.c:(.text.startup+0x32): undefined reference to `pthread_detach'
/usr/bin/ld: src.c:(.text.startup+0x3d): undefined reference to `pthread_join'
collect2: error: ld returned 1 exit status
make[1]: *** [CMakeFiles/cmTC_730dc.dir/build.make:87：cmTC_730dc] 错误 1
make[1]: 离开目录“/home/zzh/SLAM/ORB_SLAM2-master/CMakeFiles/CMakeTmp”
make: *** [Makefile:121：cmTC_730dc/fast] 错误 2


Source file was:
#include <pthread.h>

void* test_func(void* data)
{
  return data;
}

int main(void)
{
  pthread_t thread;
  pthread_create(&thread, NULL, test_func, NULL);
  pthread_detach(thread);
  pthread_join(thread, NULL);
  pthread_atfork(NULL, NULL, NULL);
  pthread_exit(NULL);

  return 0;
}

Determining if the function pthread_create exists in the pthreads failed with the following output:
Change Dir: /home/zzh/SLAM/ORB_SLAM2-master/CMakeFiles/CMakeTmp

Run Build Command(s):/usr/bin/make cmTC_340ae/fast && /usr/bin/make -f CMakeFiles/cmTC_340ae.dir/build.make CMakeFiles/cmTC_340ae.dir/build
make[1]: 进入目录“/home/zzh/SLAM/ORB_SLAM2-master/CMakeFiles/CMakeTmp”
Building C object CMakeFiles/cmTC_340ae.dir/CheckFunctionExists.c.o
/usr/bin/cc   -Wall  -O3 -march=native  -DCHECK_FUNCTION_EXISTS=pthread_create   -o CMakeFiles/cmTC_340ae.dir/CheckFunctionExists.c.o   -c /usr/share/cmake-3.16/Modules/CheckFunctionExists.c
Linking C executable cmTC_340ae
/usr/bin/cmake -E cmake_link_script CMakeFiles/cmTC_340ae.dir/link.txt --verbose=1
/usr/bin/cc   -Wall  -O3 -march=native  -DCHECK_FUNCTION_EXISTS=pthread_create    -rdynamic CMakeFiles/cmTC_340ae.dir/CheckFunctionExists.c.o  -o cmTC_340ae  -lpthreads 
/usr/bin/ld: 找不到 -lpthreads
collect2: error: ld returned 1 exit status
make[1]: *** [CMakeFiles/cmTC_340ae.dir/build.make:87：cmTC_340ae] 错误 1
make[1]: 离开目录“/home/zzh/SLAM/ORB_SLAM2-master/CMakeFiles/CMakeTmp”
make: *** [Makefile:121：cmTC_340ae/fast] 错误 2



