Performing C SOURCE FILE Test CMAKE_HAVE_LIBC_PTHREAD failed with the following output:
Change Dir: /home/zzh/SLAM/PA4_code/build/CMakeFiles/CMakeTmp

Run Build Command(s):/usr/bin/make cmTC_6d8aa/fast && /usr/bin/make -f CMakeFiles/cmTC_6d8aa.dir/build.make CMakeFiles/cmTC_6d8aa.dir/build
make[1]: 进入目录“/home/zzh/SLAM/PA4_code/build/CMakeFiles/CMakeTmp”
Building C object CMakeFiles/cmTC_6d8aa.dir/src.c.o
/usr/bin/cc   -DCMAKE_HAVE_LIBC_PTHREAD   -o CMakeFiles/cmTC_6d8aa.dir/src.c.o   -c /home/zzh/SLAM/PA4_code/build/CMakeFiles/CMakeTmp/src.c
Linking C executable cmTC_6d8aa
/usr/bin/cmake -E cmake_link_script CMakeFiles/cmTC_6d8aa.dir/link.txt --verbose=1
/usr/bin/cc  -DCMAKE_HAVE_LIBC_PTHREAD    -rdynamic CMakeFiles/cmTC_6d8aa.dir/src.c.o  -o cmTC_6d8aa 
/usr/bin/ld: CMakeFiles/cmTC_6d8aa.dir/src.c.o: in function `main':
src.c:(.text+0x46): undefined reference to `pthread_create'
/usr/bin/ld: src.c:(.text+0x52): undefined reference to `pthread_detach'
/usr/bin/ld: src.c:(.text+0x63): undefined reference to `pthread_join'
collect2: error: ld returned 1 exit status
make[1]: *** [CMakeFiles/cmTC_6d8aa.dir/build.make:87：cmTC_6d8aa] 错误 1
make[1]: 离开目录“/home/zzh/SLAM/PA4_code/build/CMakeFiles/CMakeTmp”
make: *** [Makefile:121：cmTC_6d8aa/fast] 错误 2


Source file was:
#include <pthread.h>

void* test_func(void* data)
{
  return data;
}

int main(void)
{
  pthread_t thread;
  pthread_create(&thread, NULL, test_func, NULL);
  pthread_detach(thread);
  pthread_join(thread, NULL);
  pthread_atfork(NULL, NULL, NULL);
  pthread_exit(NULL);

  return 0;
}

Determining if the function pthread_create exists in the pthreads failed with the following output:
Change Dir: /home/zzh/SLAM/PA4_code/build/CMakeFiles/CMakeTmp

Run Build Command(s):/usr/bin/make cmTC_7f900/fast && /usr/bin/make -f CMakeFiles/cmTC_7f900.dir/build.make CMakeFiles/cmTC_7f900.dir/build
make[1]: 进入目录“/home/zzh/SLAM/PA4_code/build/CMakeFiles/CMakeTmp”
Building C object CMakeFiles/cmTC_7f900.dir/CheckFunctionExists.c.o
/usr/bin/cc   -DCHECK_FUNCTION_EXISTS=pthread_create   -o CMakeFiles/cmTC_7f900.dir/CheckFunctionExists.c.o   -c /usr/share/cmake-3.16/Modules/CheckFunctionExists.c
Linking C executable cmTC_7f900
/usr/bin/cmake -E cmake_link_script CMakeFiles/cmTC_7f900.dir/link.txt --verbose=1
/usr/bin/cc  -DCHECK_FUNCTION_EXISTS=pthread_create    -rdynamic CMakeFiles/cmTC_7f900.dir/CheckFunctionExists.c.o  -o cmTC_7f900  -lpthreads 
/usr/bin/ld: 找不到 -lpthreads
collect2: error: ld returned 1 exit status
make[1]: *** [CMakeFiles/cmTC_7f900.dir/build.make:87：cmTC_7f900] 错误 1
make[1]: 离开目录“/home/zzh/SLAM/PA4_code/build/CMakeFiles/CMakeTmp”
make: *** [Makefile:121：cmTC_7f900/fast] 错误 2



Determining if the function sgemm_ exists failed with the following output:
Change Dir: /home/zzh/SLAM/PA4_code/build/CMakeFiles/CMakeTmp

Run Build Command(s):/usr/bin/make cmTC_1aa38/fast && /usr/bin/make -f CMakeFiles/cmTC_1aa38.dir/build.make CMakeFiles/cmTC_1aa38.dir/build
make[1]: 进入目录“/home/zzh/SLAM/PA4_code/build/CMakeFiles/CMakeTmp”
Building C object CMakeFiles/cmTC_1aa38.dir/CheckFunctionExists.c.o
/usr/bin/cc   -DCHECK_FUNCTION_EXISTS=sgemm_   -o CMakeFiles/cmTC_1aa38.dir/CheckFunctionExists.c.o   -c /usr/share/cmake-3.16/Modules/CheckFunctionExists.c
Linking C executable cmTC_1aa38
/usr/bin/cmake -E cmake_link_script CMakeFiles/cmTC_1aa38.dir/link.txt --verbose=1
/usr/bin/cc  -DCHECK_FUNCTION_EXISTS=sgemm_    -rdynamic CMakeFiles/cmTC_1aa38.dir/CheckFunctionExists.c.o  -o cmTC_1aa38 
/usr/bin/ld: CMakeFiles/cmTC_1aa38.dir/CheckFunctionExists.c.o: in function `main':
CheckFunctionExists.c:(.text+0x14): undefined reference to `sgemm_'
collect2: error: ld returned 1 exit status
make[1]: *** [CMakeFiles/cmTC_1aa38.dir/build.make:87：cmTC_1aa38] 错误 1
make[1]: 离开目录“/home/zzh/SLAM/PA4_code/build/CMakeFiles/CMakeTmp”
make: *** [Makefile:121：cmTC_1aa38/fast] 错误 2



Determining if the function cheev_ exists failed with the following output:
Change Dir: /home/zzh/SLAM/PA4_code/build/CMakeFiles/CMakeTmp

Run Build Command(s):/usr/bin/make cmTC_f118e/fast && /usr/bin/make -f CMakeFiles/cmTC_f118e.dir/build.make CMakeFiles/cmTC_f118e.dir/build
make[1]: 进入目录“/home/zzh/SLAM/PA4_code/build/CMakeFiles/CMakeTmp”
Building C object CMakeFiles/cmTC_f118e.dir/CheckFunctionExists.c.o
/usr/bin/cc   -DCHECK_FUNCTION_EXISTS=cheev_   -o CMakeFiles/cmTC_f118e.dir/CheckFunctionExists.c.o   -c /usr/share/cmake-3.16/Modules/CheckFunctionExists.c
Linking C executable cmTC_f118e
/usr/bin/cmake -E cmake_link_script CMakeFiles/cmTC_f118e.dir/link.txt --verbose=1
/usr/bin/cc  -DCHECK_FUNCTION_EXISTS=cheev_    -rdynamic CMakeFiles/cmTC_f118e.dir/CheckFunctionExists.c.o  -o cmTC_f118e  /usr/lib/x86_64-linux-gnu/libblas.so 
/usr/bin/ld: CMakeFiles/cmTC_f118e.dir/CheckFunctionExists.c.o: in function `main':
CheckFunctionExists.c:(.text+0x14): undefined reference to `cheev_'
collect2: error: ld returned 1 exit status
make[1]: *** [CMakeFiles/cmTC_f118e.dir/build.make:88：cmTC_f118e] 错误 1
make[1]: 离开目录“/home/zzh/SLAM/PA4_code/build/CMakeFiles/CMakeTmp”
make: *** [Makefile:121：cmTC_f118e/fast] 错误 2



